<?xml version="1.0" encoding="UTF-8"?>
<!-- Generated by org.testng.reporters.JUnitXMLReporter -->
<testsuite ignored="0" hostname="DESKTOP-IU9D0MM" failures="0" tests="4" name="Negative Test cases" time="262.361" errors="0" timestamp="2023-12-08T16:54:08 IST">
  <testcase classname="com.BB.test.LogInTest_Nive" name="LogIn_InValid" time="62.637"/>
  <testcase classname="com.BB.test.LogInTest_Nive" name="LogIn_InValid" time="54.739"/>
  <testcase classname="com.BB.test.LogInTest_Nive" name="LogIn_InValid" time="60.132"/>
  <testcase classname="com.BB.test.LogInTest_Nive" name="LogIn_InValid" time="65.041"/>
</testsuite> <!-- Negative Test cases -->
