<?xml version="1.0" encoding="UTF-8"?>
<!-- Generated by org.testng.reporters.JUnitXMLReporter -->
<testsuite ignored="0" hostname="DESKTOP-IU9D0MM" failures="0" tests="5" name="Negative Test cases" time="434.494" errors="0" timestamp="2023-12-12T18:41:08 IST">
  <testcase classname="com.BB.test.SignUpTest_Nive" name="signupTestInvalid" time="41.209"/>
  <testcase classname="com.BB.test.LogInTest_Nive" name="LogIn_InValid" time="69.008"/>
  <testcase classname="com.BB.test.LogInTest_Nive" name="LogIn_InValid" time="106.952"/>
  <testcase classname="com.BB.test.LogInTest_Nive" name="LogIn_InValid" time="66.293"/>
  <testcase classname="com.BB.test.LogInTest_Nive" name="LogIn_InValid" time="62.549"/>
</testsuite> <!-- Negative Test cases -->
