<?xml version="1.0" encoding="UTF-8"?>
<!-- Generated by org.testng.reporters.JUnitXMLReporter -->
<testsuite ignored="0" hostname="DESKTOP-IU9D0MM" failures="0" tests="6" name="Positive Test Cases" time="693.169" errors="0" timestamp="2023-12-12T18:33:54 IST">
  <testcase classname="com.BB.test.SignUpTest_Pive" name="signupTestvalid" time="46.534"/>
  <testcase classname="com.BB.test.LogInTest_Pive" name="LogInValid" time="59.454"/>
  <testcase classname="com.BB.test.BrokenLinkTest" name="verifyGivenURL" time="9.758"/>
  <testcase classname="com.BB.test.BottomLinkTest" name="bottomLinksValid" time="39.458"/>
  <testcase classname="com.BB.test.PayTest" name="add_Items_toCart" time="411.556"/>
  <testcase classname="com.BB.test.MenuTest" name="menuTest" time="86.478"/>
</testsuite> <!-- Positive Test Cases -->
