<?xml version="1.0" encoding="UTF-8"?>
<!-- Generated by org.testng.reporters.JUnitXMLReporter -->
<testsuite ignored="0" hostname="DESKTOP-IU9D0MM" failures="0" tests="6" name="Positive Test Cases" time="717.042" errors="0" timestamp="2023-12-11T17:11:33 IST">
  <testcase classname="com.BB.test.SignUpTest_Pive" name="signupTestvalid" time="50.34"/>
  <testcase classname="com.BB.test.LogInTest_Pive" name="LogInValid" time="71.113"/>
  <testcase classname="com.BB.test.BrokenLinkTest" name="verifyGivenURL" time="11.397"/>
  <testcase classname="com.BB.test.BottomLinkTest" name="bottomLinksValid" time="45.838"/>
  <testcase classname="com.BB.test.PayTest" name="add_Items_toCart" time="454.232"/>
  <testcase classname="com.BB.test.MenuTest" name="menuTest" time="13.563"/>
</testsuite> <!-- Positive Test Cases -->
