<?xml version="1.0" encoding="UTF-8"?>
<testng-results ignored="0" total="11" passed="11" failed="0" skipped="0">
  <reporter-output>
  </reporter-output>
  <suite started-at="2023-12-12T18:22:20 IST" name="Suite" finished-at="2023-12-12T18:41:08 IST" duration-ms="1127786">
    <groups>
    </groups>
    <test started-at="2023-12-12T18:22:20 IST" name="Positive Test Cases" finished-at="2023-12-12T18:33:54 IST" duration-ms="693169">
      <class name="com.BB.test.LogInTest_Pive">
        <test-method is-config="true" signature="launchBrowser(java.lang.String)[pri:0, instance:com.BB.test.LogInTest_Pive@35dab4eb]" started-at="2023-12-12T18:23:18 IST" name="launchBrowser" finished-at="2023-12-12T18:23:23 IST" duration-ms="5357" status="PASS">
          <params>
            <param index="0">
              <value>
                <![CDATA[Chrome]]>
              </value>
            </param>
          </params>
          <reporter-output>
          </reporter-output>
        </test-method> <!-- launchBrowser -->
        <test-method signature="LogInValid(java.lang.String,java.lang.String)[pri:3, instance:com.BB.test.LogInTest_Pive@35dab4eb]" started-at="2023-12-12T18:23:23 IST" name="LogInValid" data-provider="XLData" finished-at="2023-12-12T18:24:23 IST" duration-ms="59454" status="PASS">
          <params>
            <param index="0">
              <value>
                <![CDATA[devanandh2902@gmail.com]]>
              </value>
            </param>
            <param index="1">
              <value>
                <![CDATA[Batman12@#]]>
              </value>
            </param>
          </params>
          <reporter-output>
          </reporter-output>
        </test-method> <!-- LogInValid -->
        <test-method is-config="true" signature="closeBrowser()[pri:0, instance:com.BB.test.LogInTest_Pive@35dab4eb]" started-at="2023-12-12T18:24:23 IST" name="closeBrowser" finished-at="2023-12-12T18:24:23 IST" duration-ms="287" status="PASS">
          <reporter-output>
          </reporter-output>
        </test-method> <!-- closeBrowser -->
      </class> <!-- com.BB.test.LogInTest_Pive -->
      <class name="com.BB.test.SignUpTest_Pive">
        <test-method is-config="true" signature="launchBrowser(java.lang.String)[pri:0, instance:com.BB.test.SignUpTest_Pive@8519cb4]" started-at="2023-12-12T18:22:20 IST" name="launchBrowser" finished-at="2023-12-12T18:22:28 IST" duration-ms="7767" status="PASS">
          <params>
            <param index="0">
              <value>
                <![CDATA[Chrome]]>
              </value>
            </param>
          </params>
          <reporter-output>
          </reporter-output>
        </test-method> <!-- launchBrowser -->
        <test-method signature="signupTestvalid()[pri:2, instance:com.BB.test.SignUpTest_Pive@8519cb4]" started-at="2023-12-12T18:22:28 IST" name="signupTestvalid" finished-at="2023-12-12T18:23:15 IST" duration-ms="46534" status="PASS">
          <reporter-output>
          </reporter-output>
        </test-method> <!-- signupTestvalid -->
        <test-method is-config="true" signature="closeBrowser()[pri:0, instance:com.BB.test.SignUpTest_Pive@8519cb4]" started-at="2023-12-12T18:23:15 IST" name="closeBrowser" finished-at="2023-12-12T18:23:16 IST" duration-ms="1562" status="PASS">
          <reporter-output>
          </reporter-output>
        </test-method> <!-- closeBrowser -->
      </class> <!-- com.BB.test.SignUpTest_Pive -->
      <class name="com.BB.test.BottomLinkTest">
        <test-method is-config="true" signature="launchBrowser(java.lang.String)[pri:0, instance:com.BB.test.BottomLinkTest@3ba987b8]" started-at="2023-12-12T18:24:38 IST" name="launchBrowser" finished-at="2023-12-12T18:24:43 IST" duration-ms="5100" status="PASS">
          <params>
            <param index="0">
              <value>
                <![CDATA[Chrome]]>
              </value>
            </param>
          </params>
          <reporter-output>
          </reporter-output>
        </test-method> <!-- launchBrowser -->
        <test-method signature="bottomLinksValid()[pri:6, instance:com.BB.test.BottomLinkTest@3ba987b8]" started-at="2023-12-12T18:24:43 IST" name="bottomLinksValid" finished-at="2023-12-12T18:25:22 IST" duration-ms="39458" status="PASS">
          <reporter-output>
          </reporter-output>
        </test-method> <!-- bottomLinksValid -->
        <test-method is-config="true" signature="closeBrowser()[pri:0, instance:com.BB.test.BottomLinkTest@3ba987b8]" started-at="2023-12-12T18:25:22 IST" name="closeBrowser" finished-at="2023-12-12T18:25:23 IST" duration-ms="287" status="PASS">
          <reporter-output>
          </reporter-output>
        </test-method> <!-- closeBrowser -->
      </class> <!-- com.BB.test.BottomLinkTest -->
      <class name="com.BB.test.MenuTest">
        <test-method is-config="true" signature="launchBrowser(java.lang.String)[pri:0, instance:com.BB.test.MenuTest@5f049ea1]" started-at="2023-12-12T18:32:20 IST" name="launchBrowser" finished-at="2023-12-12T18:32:27 IST" duration-ms="6432" status="PASS">
          <params>
            <param index="0">
              <value>
                <![CDATA[Chrome]]>
              </value>
            </param>
          </params>
          <reporter-output>
          </reporter-output>
        </test-method> <!-- launchBrowser -->
        <test-method signature="menuTest()[pri:5, instance:com.BB.test.MenuTest@5f049ea1]" started-at="2023-12-12T18:32:27 IST" name="menuTest" finished-at="2023-12-12T18:33:53 IST" duration-ms="86478" status="PASS">
          <reporter-output>
          </reporter-output>
        </test-method> <!-- menuTest -->
        <test-method is-config="true" signature="closeBrowser()[pri:0, instance:com.BB.test.MenuTest@5f049ea1]" started-at="2023-12-12T18:33:53 IST" name="closeBrowser" finished-at="2023-12-12T18:33:54 IST" duration-ms="496" status="PASS">
          <reporter-output>
          </reporter-output>
        </test-method> <!-- closeBrowser -->
      </class> <!-- com.BB.test.MenuTest -->
      <class name="com.BB.test.PayTest">
        <test-method is-config="true" signature="launchBrowser(java.lang.String)[pri:0, instance:com.BB.test.PayTest@3f191845]" started-at="2023-12-12T18:25:23 IST" name="launchBrowser" finished-at="2023-12-12T18:25:28 IST" duration-ms="5625" status="PASS">
          <params>
            <param index="0">
              <value>
                <![CDATA[Chrome]]>
              </value>
            </param>
          </params>
          <reporter-output>
          </reporter-output>
        </test-method> <!-- launchBrowser -->
        <test-method signature="add_Items_toCart()[pri:4, instance:com.BB.test.PayTest@3f191845]" started-at="2023-12-12T18:25:28 IST" name="add_Items_toCart" finished-at="2023-12-12T18:32:20 IST" duration-ms="411556" status="PASS">
          <reporter-output>
          </reporter-output>
        </test-method> <!-- add_Items_toCart -->
        <test-method is-config="true" signature="closeBrowser()[pri:0, instance:com.BB.test.PayTest@3f191845]" started-at="2023-12-12T18:32:20 IST" name="closeBrowser" finished-at="2023-12-12T18:32:20 IST" duration-ms="327" status="PASS">
          <reporter-output>
          </reporter-output>
        </test-method> <!-- closeBrowser -->
      </class> <!-- com.BB.test.PayTest -->
      <class name="com.BB.test.BrokenLinkTest">
        <test-method is-config="true" signature="launchBrowser(java.lang.String)[pri:0, instance:com.BB.test.BrokenLinkTest@2d901eb0]" started-at="2023-12-12T18:24:23 IST" name="launchBrowser" finished-at="2023-12-12T18:24:28 IST" duration-ms="4743" status="PASS">
          <params>
            <param index="0">
              <value>
                <![CDATA[Chrome]]>
              </value>
            </param>
          </params>
          <reporter-output>
          </reporter-output>
        </test-method> <!-- launchBrowser -->
        <test-method signature="verifyGivenURL()[pri:1, instance:com.BB.test.BrokenLinkTest@2d901eb0]" started-at="2023-12-12T18:24:28 IST" name="verifyGivenURL" finished-at="2023-12-12T18:24:38 IST" duration-ms="9758" status="PASS">
          <reporter-output>
          </reporter-output>
        </test-method> <!-- verifyGivenURL -->
        <test-method is-config="true" signature="closeBrowser()[pri:0, instance:com.BB.test.BrokenLinkTest@2d901eb0]" started-at="2023-12-12T18:24:38 IST" name="closeBrowser" finished-at="2023-12-12T18:24:38 IST" duration-ms="230" status="PASS">
          <reporter-output>
          </reporter-output>
        </test-method> <!-- closeBrowser -->
      </class> <!-- com.BB.test.BrokenLinkTest -->
    </test> <!-- Positive Test Cases -->
    <test started-at="2023-12-12T18:33:54 IST" name="Negative Test cases" finished-at="2023-12-12T18:41:08 IST" duration-ms="434494">
      <class name="com.BB.utils.Reports">
        <test-method is-config="true" signature="startReport()[pri:0, instance:com.BB.utils.Reports@742ff096]" started-at="2023-12-12T18:22:19 IST" name="startReport" finished-at="2023-12-12T18:22:20 IST" duration-ms="1151" status="PASS">
          <reporter-output>
          </reporter-output>
        </test-method> <!-- startReport -->
        <test-method is-config="true" signature="endReport()[pri:0, instance:com.BB.utils.Reports@742ff096]" started-at="2023-12-12T18:41:08 IST" name="endReport" finished-at="2023-12-12T18:41:09 IST" duration-ms="1281" status="PASS">
          <reporter-output>
          </reporter-output>
        </test-method> <!-- endReport -->
      </class> <!-- com.BB.utils.Reports -->
      <class name="com.BB.test.SignUpTest_Nive">
        <test-method is-config="true" signature="launchBrowser(java.lang.String)[pri:0, instance:com.BB.test.SignUpTest_Nive@35841320]" started-at="2023-12-12T18:33:54 IST" name="launchBrowser" finished-at="2023-12-12T18:33:57 IST" duration-ms="3784" status="PASS">
          <params>
            <param index="0">
              <value>
                <![CDATA[Chrome]]>
              </value>
            </param>
          </params>
          <reporter-output>
          </reporter-output>
        </test-method> <!-- launchBrowser -->
        <test-method signature="signupTestInvalid()[pri:0, instance:com.BB.test.SignUpTest_Nive@35841320]" started-at="2023-12-12T18:33:57 IST" name="signupTestInvalid" finished-at="2023-12-12T18:34:39 IST" duration-ms="41209" status="PASS">
          <reporter-output>
          </reporter-output>
        </test-method> <!-- signupTestInvalid -->
        <test-method is-config="true" signature="closeBrowser()[pri:0, instance:com.BB.test.SignUpTest_Nive@35841320]" started-at="2023-12-12T18:34:39 IST" name="closeBrowser" finished-at="2023-12-12T18:34:39 IST" duration-ms="270" status="PASS">
          <reporter-output>
          </reporter-output>
        </test-method> <!-- closeBrowser -->
      </class> <!-- com.BB.test.SignUpTest_Nive -->
      <class name="com.BB.test.LogInTest_Nive">
        <test-method is-config="true" signature="launchBrowser(java.lang.String)[pri:0, instance:com.BB.test.LogInTest_Nive@61c4eee0]" started-at="2023-12-12T18:34:39 IST" name="launchBrowser" finished-at="2023-12-12T18:34:43 IST" duration-ms="4271" status="PASS">
          <params>
            <param index="0">
              <value>
                <![CDATA[Chrome]]>
              </value>
            </param>
          </params>
          <reporter-output>
          </reporter-output>
        </test-method> <!-- launchBrowser -->
        <test-method signature="LogIn_InValid(java.lang.String,java.lang.String)[pri:0, instance:com.BB.test.LogInTest_Nive@61c4eee0]" started-at="2023-12-12T18:34:43 IST" name="LogIn_InValid" data-provider="XLData" finished-at="2023-12-12T18:35:52 IST" duration-ms="69008" status="PASS">
          <params>
            <param index="0">
              <value>
                <![CDATA[muruga@yahoo.coms]]>
              </value>
            </param>
            <param index="1">
              <value>
                <![CDATA[qwerty]]>
              </value>
            </param>
          </params>
          <reporter-output>
          </reporter-output>
        </test-method> <!-- LogIn_InValid -->
        <test-method is-config="true" signature="closeBrowser()[pri:0, instance:com.BB.test.LogInTest_Nive@61c4eee0]" started-at="2023-12-12T18:35:52 IST" name="closeBrowser" finished-at="2023-12-12T18:35:54 IST" duration-ms="1711" status="PASS">
          <reporter-output>
          </reporter-output>
        </test-method> <!-- closeBrowser -->
        <test-method is-config="true" signature="launchBrowser(java.lang.String)[pri:0, instance:com.BB.test.LogInTest_Nive@61c4eee0]" started-at="2023-12-12T18:35:54 IST" name="launchBrowser" finished-at="2023-12-12T18:36:08 IST" duration-ms="13437" status="PASS">
          <params>
            <param index="0">
              <value>
                <![CDATA[Chrome]]>
              </value>
            </param>
          </params>
          <reporter-output>
          </reporter-output>
        </test-method> <!-- launchBrowser -->
        <test-method signature="LogIn_InValid(java.lang.String,java.lang.String)[pri:0, instance:com.BB.test.LogInTest_Nive@61c4eee0]" started-at="2023-12-12T18:36:08 IST" name="LogIn_InValid" data-provider="XLData" finished-at="2023-12-12T18:37:54 IST" duration-ms="106952" status="PASS">
          <params>
            <param index="0">
              <value>
                <![CDATA[onetwo@gmail.com]]>
              </value>
            </param>
            <param index="1">
              <value>
                <![CDATA[4564xcvb]]>
              </value>
            </param>
          </params>
          <reporter-output>
          </reporter-output>
        </test-method> <!-- LogIn_InValid -->
        <test-method is-config="true" signature="closeBrowser()[pri:0, instance:com.BB.test.LogInTest_Nive@61c4eee0]" started-at="2023-12-12T18:37:54 IST" name="closeBrowser" finished-at="2023-12-12T18:38:39 IST" duration-ms="44953" status="PASS">
          <reporter-output>
          </reporter-output>
        </test-method> <!-- closeBrowser -->
        <test-method is-config="true" signature="launchBrowser(java.lang.String)[pri:0, instance:com.BB.test.LogInTest_Nive@61c4eee0]" started-at="2023-12-12T18:38:39 IST" name="launchBrowser" finished-at="2023-12-12T18:38:49 IST" duration-ms="9087" status="PASS">
          <params>
            <param index="0">
              <value>
                <![CDATA[Chrome]]>
              </value>
            </param>
          </params>
          <reporter-output>
          </reporter-output>
        </test-method> <!-- launchBrowser -->
        <test-method signature="LogIn_InValid(java.lang.String,java.lang.String)[pri:0, instance:com.BB.test.LogInTest_Nive@61c4eee0]" started-at="2023-12-12T18:38:49 IST" name="LogIn_InValid" data-provider="XLData" finished-at="2023-12-12T18:39:55 IST" duration-ms="66293" status="PASS">
          <params>
            <param index="0">
              <value>
                <![CDATA[..@g.com]]>
              </value>
            </param>
            <param index="1">
              <value>
                <![CDATA[zxcvbn]]>
              </value>
            </param>
          </params>
          <reporter-output>
          </reporter-output>
        </test-method> <!-- LogIn_InValid -->
        <test-method is-config="true" signature="closeBrowser()[pri:0, instance:com.BB.test.LogInTest_Nive@61c4eee0]" started-at="2023-12-12T18:39:55 IST" name="closeBrowser" finished-at="2023-12-12T18:39:57 IST" duration-ms="1823" status="PASS">
          <reporter-output>
          </reporter-output>
        </test-method> <!-- closeBrowser -->
        <test-method is-config="true" signature="launchBrowser(java.lang.String)[pri:0, instance:com.BB.test.LogInTest_Nive@61c4eee0]" started-at="2023-12-12T18:39:57 IST" name="launchBrowser" finished-at="2023-12-12T18:40:05 IST" duration-ms="8443" status="PASS">
          <params>
            <param index="0">
              <value>
                <![CDATA[Chrome]]>
              </value>
            </param>
          </params>
          <reporter-output>
          </reporter-output>
        </test-method> <!-- launchBrowser -->
        <test-method signature="LogIn_InValid(java.lang.String,java.lang.String)[pri:0, instance:com.BB.test.LogInTest_Nive@61c4eee0]" started-at="2023-12-12T18:40:05 IST" name="LogIn_InValid" data-provider="XLData" finished-at="2023-12-12T18:41:08 IST" duration-ms="62549" status="PASS">
          <params>
            <param index="0">
              <value>
                <![CDATA[yahoo@gamul.org]]>
              </value>
            </param>
            <param index="1">
              <value>
                <![CDATA[1234!"£$%]]>
              </value>
            </param>
          </params>
          <reporter-output>
          </reporter-output>
        </test-method> <!-- LogIn_InValid -->
        <test-method is-config="true" signature="closeBrowser()[pri:0, instance:com.BB.test.LogInTest_Nive@61c4eee0]" started-at="2023-12-12T18:41:08 IST" name="closeBrowser" finished-at="2023-12-12T18:41:08 IST" duration-ms="514" status="PASS">
          <reporter-output>
          </reporter-output>
        </test-method> <!-- closeBrowser -->
      </class> <!-- com.BB.test.LogInTest_Nive -->
    </test> <!-- Negative Test cases -->
  </suite> <!-- Suite -->
</testng-results>
