<?xml version="1.0" encoding="UTF-8"?>
<testng-results ignored="0" total="1" passed="1" failed="0" skipped="0">
  <reporter-output>
  </reporter-output>
  <suite started-at="2023-12-06T16:26:39 IST" name="Suite" finished-at="2023-12-06T16:28:27 IST" duration-ms="107147">
    <groups>
    </groups>
    <test started-at="2023-12-06T16:26:39 IST" name="Positive Test Cases" finished-at="2023-12-06T16:28:27 IST" duration-ms="107056">
      <class name="com.BB.test.SignUpTest_Pive">
        <test-method is-config="true" signature="setUp(java.lang.String)[pri:0, instance:com.BB.test.SignUpTest_Pive@5890e879]" started-at="2023-12-06T16:26:40 IST" name="setUp" finished-at="2023-12-06T16:26:40 IST" duration-ms="10" status="PASS">
          <params>
            <param index="0">
              <value>
                <![CDATA[Chrome]]>
              </value>
            </param>
          </params>
          <reporter-output>
          </reporter-output>
        </test-method> <!-- setUp -->
        <test-method signature="signupTestvalid()[pri:0, instance:com.BB.test.SignUpTest_Pive@5890e879]" started-at="2023-12-06T16:26:40 IST" name="signupTestvalid" finished-at="2023-12-06T16:28:27 IST" duration-ms="106962" status="PASS">
          <reporter-output>
          </reporter-output>
        </test-method> <!-- signupTestvalid -->
        <test-method is-config="true" signature="closeBrowser()[pri:0, instance:com.BB.test.SignUpTest_Pive@5890e879]" started-at="2023-12-06T16:28:27 IST" name="closeBrowser" finished-at="2023-12-06T16:28:27 IST" duration-ms="13" status="PASS">
          <reporter-output>
          </reporter-output>
        </test-method> <!-- closeBrowser -->
      </class> <!-- com.BB.test.SignUpTest_Pive -->
    </test> <!-- Positive Test Cases -->
    <test started-at="2023-12-06T16:28:27 IST" name="Negative Test cases" finished-at="2023-12-06T16:28:27 IST" duration-ms="2">
      <class name="com.BB.utils.Reports">
        <test-method is-config="true" signature="startReport()[pri:0, instance:com.BB.utils.Reports@6fa51cd4]" started-at="2023-12-06T16:26:39 IST" name="startReport" finished-at="2023-12-06T16:26:39 IST" duration-ms="491" status="PASS">
          <reporter-output>
          </reporter-output>
        </test-method> <!-- startReport -->
        <test-method is-config="true" signature="endReport()[pri:0, instance:com.BB.utils.Reports@6fa51cd4]" started-at="2023-12-06T16:28:27 IST" name="endReport" finished-at="2023-12-06T16:28:27 IST" duration-ms="763" status="PASS">
          <reporter-output>
          </reporter-output>
        </test-method> <!-- endReport -->
      </class> <!-- com.BB.utils.Reports -->
    </test> <!-- Negative Test cases -->
  </suite> <!-- Suite -->
</testng-results>
