<?xml version="1.0" encoding="UTF-8"?>
<testng-results ignored="0" total="1" passed="1" failed="0" skipped="0">
  <reporter-output>
  </reporter-output>
  <suite started-at="2023-12-12T18:51:23 IST" name="Suite" finished-at="2023-12-12T18:52:47 IST" duration-ms="84167">
    <groups>
    </groups>
    <test started-at="2023-12-12T18:51:23 IST" name="Positive Test Cases" finished-at="2023-12-12T18:52:47 IST" duration-ms="84055">
      <class name="com.BB.test.MenuTest">
        <test-method is-config="true" signature="launchBrowser(java.lang.String)[pri:0, instance:com.BB.test.MenuTest@7d9d0818]" started-at="2023-12-12T18:51:23 IST" name="launchBrowser" finished-at="2023-12-12T18:51:34 IST" duration-ms="11062" status="PASS">
          <params>
            <param index="0">
              <value>
                <![CDATA[Chrome]]>
              </value>
            </param>
          </params>
          <reporter-output>
          </reporter-output>
        </test-method> <!-- launchBrowser -->
        <test-method signature="menuTest()[pri:5, instance:com.BB.test.MenuTest@7d9d0818]" started-at="2023-12-12T18:51:34 IST" name="menuTest" finished-at="2023-12-12T18:52:46 IST" duration-ms="72224" status="PASS">
          <reporter-output>
          </reporter-output>
        </test-method> <!-- menuTest -->
        <test-method is-config="true" signature="closeBrowser()[pri:0, instance:com.BB.test.MenuTest@7d9d0818]" started-at="2023-12-12T18:52:46 IST" name="closeBrowser" finished-at="2023-12-12T18:52:47 IST" duration-ms="657" status="PASS">
          <reporter-output>
          </reporter-output>
        </test-method> <!-- closeBrowser -->
      </class> <!-- com.BB.test.MenuTest -->
    </test> <!-- Positive Test Cases -->
    <test started-at="2023-12-12T18:52:47 IST" name="Negative Test cases" finished-at="2023-12-12T18:52:47 IST" duration-ms="2">
      <class name="com.BB.utils.Reports">
        <test-method is-config="true" signature="startReport()[pri:0, instance:com.BB.utils.Reports@1caa0244]" started-at="2023-12-12T18:51:22 IST" name="startReport" finished-at="2023-12-12T18:51:23 IST" duration-ms="849" status="PASS">
          <reporter-output>
          </reporter-output>
        </test-method> <!-- startReport -->
        <test-method is-config="true" signature="endReport()[pri:0, instance:com.BB.utils.Reports@1caa0244]" started-at="2023-12-12T18:52:47 IST" name="endReport" finished-at="2023-12-12T18:52:48 IST" duration-ms="1055" status="PASS">
          <reporter-output>
          </reporter-output>
        </test-method> <!-- endReport -->
      </class> <!-- com.BB.utils.Reports -->
    </test> <!-- Negative Test cases -->
  </suite> <!-- Suite -->
</testng-results>
